QT,+00000002 PC
QT,+00000002 PC
QT,+00000002 PC
QT,+00000002 PC
QT,+00000002 PC
QT,+00000002 PC
QT,+00000002 PC
QT,+00000002 PC
QT,+00000002 PC
QT,+00000002 PC
QT,-00000002 PC
QT,-00000002 PC
QT,-00000002 PC
QT,-00000002 PC
QT,-00000002 PC
QT,-00000002 PC
QT,-00000002 PC
QT,-00000002 PC
QT,-00000002 PC
QT,-00000002 PC
QT,-00000002 PC
QT,-00000002 PC
QT,-00000002 PC
QT,-00000002 PC
QT,-00000002 PC
QT,-00000002 PC
QT,-00000002 PC
QT,-00000002 PC
QT,-00000002 PC
QT,-00000002 PC
QT,-00000002 PC
QT,-00000002 PC
QT,-00000002 PC
QT,-00000002 PC
QT,-00000002 PC
QT,-00000002 PC
QT,-00000002 PC
QT,-00000002 PC
QT,-00000002 PC
QT,-00000002 PC
QT,-00000002 PC
QT,-00000002 PC
QT,-00000002 PC
QT,-00000002 PC
US,-00000002 PC
US,+00000018 PC
US,+00000064 PC
US,+00000083 PC
US,+00000082 PC
US,+00000071 PC
US,+00000070 PC
US,+00000065 PC
US,+00000056 PC
US,+00000038 PC
US,+00000008 PC
US,-00000002 PC
US,-00000002 PC
US,-00000002 PC
US,+00000002 PC
US,+00000042 PC
US,+00000087 PC
US,+00000039 PC
US,+00000000 PC
US,-00000002 PC
US,-00000002 PC
US,-00000002 PC
US,-00000002 PC
US,-00000002 PC
US,-00000002 PC
QT,-00000002 PC
QT,-00000002 PC
QT,-00000002 PC
QT,-00000002 PC
QT,-00000002 PC
QT,-00000002 PC
QT,-00000002 PC