Terminal log file
Date: 15-06-2019 - 20:18:50
-----------------------------------------------
ST,+0014S7.77  g
ST,+00147.77  g
ST,+00147.77  g
ST,+00147.77  g
ST,+00147.77  g
ST,+00147.76  g
ST,+00147.76  g
ST,+00147.76  g
ST,+00147.76  g
ST,+00147.76  g
ST,+00147.76  g
ST,+00147.76  g
ST,+00147.76  g
ST,+00147.76  g
ST,+00147.76  g
ST,+00147.76  g
ST,+00147.76  g
ST,+00147.76  g
ST,+00147.76  g
ST,+00147.76  g
ST,+00147.76  g
ST,+00147.76  g
ST,+00147.76  g
ST,+00147.76  g
ST,+00147.76  g
ST,+000147.8  g
ST,+000147.8  g
ST,+000147.8  g
ST,+000147.8  g
ST,+000147.8  g
ST,+000147.8  g
ST,+000147.8  g
ST,+000147.8  g
ST,+000147.8  g
ST,+000147.8  g
ST,+000147.8  g
ST,+000147.8  g
ST,+000147.8  g
ST,+000147.8  g
ST,+000147.8  g
ST,+000147.8  g
ST,+000147.8  g
ST,+000147.8  g
ST,+000147.8  g
ST,+000147.8  g

-----------------------------------------------
Date: 15-06-2019 - 20:18:59
End log file
