C51 COMPILER V9.59.0.0   COMBINED                                                          08/28/2019 20:33:01 PAGE 1   


C51 COMPILER V9.59.0.0, COMPILATION OF MODULE COMBINED
OBJECT MODULE PLACED IN .\Objects\combined.obj
COMPILER INVOKED BY: C:\keil_uv5\C51\BIN\C51.EXE combined.c OPTIMIZE(8,SPEED) BROWSE DEBUG OBJECTEXTEND PRINT(.\Listings
                    -\combined.lst) TABS(2) OBJECT(.\Objects\combined.obj)

line level    source

   1          #include <display.h>
   2          #include <serial.h>
   3          #include <definition.h>
   4          //|0|1|2|3|4|5|6|7|8|9|A|B|C|D|E|
   5          //|S|T|,|-|0|0|0|0|3|.|6|9| | |%|
   6          bit sign=0;
   7          void NT_10byte(void)
   8          {
   9   1        signed char i,j,position; 
  10   1            if (uartbuffer[3] == '-')
  11   1              {sign=1;}
  12   1            else
  13   1              {sign=0;}
  14   1          for(i=4;i<0x0B;i++)
  15   1            {
  16   2              if ((uartbuffer[i] == '0')&&(uartbuffer[i+1] != '.'))
  17   2                {uartbuffer[i] =' '; }
  18   2              else
  19   2                {break;}
  20   2            }
  21   1              
  22   1          for (i=0x0B,j=0; j<=5; i--)
  23   1            {   
  24   2              if (uartbuffer[i] == '.')
  25   2                {position=0x0B-i;}
  26   2              else
  27   2                {displayRAM[5-j] = uartbuffer[i]; j++;}
  28   2            }
  29   1      
  30   1        for (i=0x0B,j=0;i>0x00;i--,j++)
  31   1          {
  32   2            if (uartbuffer[i] == '.')
  33   2             {break;}
  34   2          }   
  35   1        switch(j)
  36   1          {
  37   2            case 1:dp1=1;break;
  38   2            case 2:dp2=1;break;
  39   2            case 3:dp3=1;break;
  40   2            case 4:dp4=1;break;
  41   2            case 5:dp5=1;break;
  42   2            default:dp1=0;dp2=0;dp3=0;dp4=0;dp5=0;
  43   2          }   
  44   1      }


MODULE INFORMATION:   STATIC OVERLAYABLE
   CODE SIZE        =    185    ----
   CONSTANT SIZE    =   ----    ----
   XDATA SIZE       =   ----    ----
   PDATA SIZE       =   ----    ----
   DATA SIZE        =   ----       1
   IDATA SIZE       =   ----    ----
   BIT SIZE         =      1    ----
C51 COMPILER V9.59.0.0   COMBINED                                                          08/28/2019 20:33:01 PAGE 2   

END OF MODULE INFORMATION.


C51 COMPILATION COMPLETE.  0 WARNING(S),  0 ERROR(S)
