C51 COMPILER V9.59.0.0   DISPLAY                                                           08/28/2019 20:33:01 PAGE 1   


C51 COMPILER V9.59.0.0, COMPILATION OF MODULE DISPLAY
OBJECT MODULE PLACED IN .\Objects\display.obj
COMPILER INVOKED BY: C:\keil_uv5\C51\BIN\C51.EXE display.c OPTIMIZE(8,SPEED) BROWSE DEBUG OBJECTEXTEND PRINT(.\Listings\
                    -display.lst) TABS(2) OBJECT(.\Objects\display.obj)

line level    source

   1          #include <reg51.h>
   2          #include <definition.h>
   3          bit dp1=0,dp2=0,dp3=0,dp4=0,dp5=0;
   4          //===========================================================
   5          unsigned char displayRAM[6];//{"LSB 1 2 3 4 MSB"}
   6          //===========================================================
   7          extern code unsigned char table[];
   8          extern bit sign;
   9          void turnoff (void)
  10          {
  11   1        transistor0 = 0;
  12   1        transistor1 = 0;
  13   1        transistor2 = 0;
  14   1        transistor3 = 0;
  15   1        transistor4 = 0;
  16   1        transistor5 = 0;
  17   1      }
  18          void ClearDisplay(void)
  19            {
  20   1          unsigned char i;
  21   1          for (i=0;i<6;i++)
  22   1          displayRAM[i] = ' ';
  23   1          dp1=0,dp2=0,dp3=0,dp4=0,dp5=0;
  24   1        }
  25          
  26          void PushInSegments(unsigned char value)
  27            { 
  28   1          unsigned char temp;
  29   1          temp = table [value];
  30   1          if ((temp & 0x01))
  31   1            {a = 1;}
  32   1          else
  33   1            {a = 0;}
  34   1          if ((temp & 0x02))
  35   1            {b = 1;}
  36   1          else
  37   1            {b = 0;}      
  38   1          if ((temp & 0x04))
  39   1            {c = 1;}
  40   1          else
  41   1            {c = 0;}      
  42   1          if ((temp & 0x08))
  43   1            {d = 1;}
  44   1          else
  45   1            {d = 0;}      
  46   1          if ((temp & 0x10))
  47   1            {e = 1;}
  48   1          else
  49   1            {e = 0;}      
  50   1          if ((temp & 0x20))
  51   1            {f = 1;}
  52   1          else
  53   1            {f = 0;}      
  54   1          if ((temp & 0x40))
C51 COMPILER V9.59.0.0   DISPLAY                                                           08/28/2019 20:33:01 PAGE 2   

  55   1            {g = 1;}        
  56   1          else
  57   1            {g = 0;}  
  58   1        }
  59            
  60          void internaldisplay(void)
  61          {
  62   1        static unsigned char counter = 0;
  63   1        unsigned char temp;
  64   1        temp = displayRAM[counter];
  65   1        PushInSegments(temp);
  66   1        h=1;
  67   1        switch(counter)       
  68   1          {                     
  69   2            case 5: transistor0 = 1;              
  70   2                    break;//
  71   2            case 4: transistor1 = 1;              
  72   2                    if (dp1==1)
  73   2                    {h=0;}
  74   2                    break;//
  75   2            case 3: transistor2 = 1;
  76   2                    if (dp2==1)
  77   2                    {h=0;}
  78   2                    break;//
  79   2            case 2: 
  80   2                    transistor3 = 1;
  81   2                    if (dp3==1)
  82   2                    {h=0;}
  83   2                    break;//
  84   2            case 1: transistor4 = 1;
  85   2                    if (dp4==1)
  86   2                    {h=0;}
  87   2                    break;//
  88   2            case 0: transistor5 = 1;
  89   2                    if (dp5==1)
  90   2                      {h=0;}
  91   2                    if (sign==1)
  92   2                      {g=0;}
  93   2      
  94   2                    break;//
  95   2          }                     //
  96   1        counter++;
  97   1        if (counter == 6)
  98   1          {counter =0x0;}
  99   1      }
 100          //============================================//
 101          void HelloWorld(void)
 102          {
 103   1        dp1=0,dp2=0,dp3=0,dp4=0,dp5=0;
 104   1        displayRAM[0]=' ';
 105   1        displayRAM[1]='H';
 106   1        displayRAM[2]='E';
 107   1        displayRAM[3]='L';
 108   1        displayRAM[4]='L';
 109   1        displayRAM[5]='O';
 110   1        sign=0;
 111   1      }


MODULE INFORMATION:   STATIC OVERLAYABLE
   CODE SIZE        =    245    ----
   CONSTANT SIZE    =   ----    ----
C51 COMPILER V9.59.0.0   DISPLAY                                                           08/28/2019 20:33:01 PAGE 3   

   XDATA SIZE       =   ----    ----
   PDATA SIZE       =   ----    ----
   DATA SIZE        =      7    ----
   IDATA SIZE       =   ----    ----
   BIT SIZE         =      5    ----
END OF MODULE INFORMATION.


C51 COMPILATION COMPLETE.  0 WARNING(S),  0 ERROR(S)
