C51 COMPILER V9.59.0.0   SERIAL                                                            08/28/2019 20:33:01 PAGE 1   


C51 COMPILER V9.59.0.0, COMPILATION OF MODULE SERIAL
OBJECT MODULE PLACED IN .\Objects\serial.obj
COMPILER INVOKED BY: C:\keil_uv5\C51\BIN\C51.EXE serial.c OPTIMIZE(8,SPEED) BROWSE DEBUG OBJECTEXTEND PRINT(.\Listings\s
                    -erial.lst) TABS(2) OBJECT(.\Objects\serial.obj)

line level    source

   1          #include <reg51.h>
   2          #include <definition.h>
   3          #include <combined.h>
   4          #include <display.h>
   5          #define BAUDNUM9600 -12 // @11.0592MHz and PCON.7=1
   6          #define BufferLength 0x10
   7          bit flag = 0, stable=0,foundCR=0;
   8          unsigned char uartbuffer[BufferLength];
   9          unsigned char errorcount=0;
  10          
  11          void init_serial(void)
  12          {
  13   1        TMOD = TMOD | 0x20;
  14   1        PCON = PCON & 0X7F; //normal speed  
  15   1        SCON = 0X50;        //serial mode-2, REN=1
  16   1        TH1=BAUDNUM9600;  
  17   1        IE = IE | 0x90; //enable global-ox80 serial 0x10    
  18   1        TR1 = 1;
  19   1      }
  20            
  21          void uart (void)  interrupt 4
  22          {
  23   1        static unsigned char counter;
  24   1        unsigned char receivedbyte;
  25   1        RI = 0;
  26   1        receivedbyte = 0x7F & SBUF;
  27   1        
  28   1        if (flag == 1)
  29   1            {
  30   2              uartbuffer[counter]=receivedbyte; 
  31   2              counter++;
  32   2              //end of buffer 
  33   2              if (receivedbyte==CR)
  34   2                {flag = 0; counter=0; foundCR=1;}       
  35   2              if (counter == BufferLength)
  36   2                {flag = 0;counter=0;}
  37   2              //CR found before end of buffer
  38   2            }
  39   1          else
  40   1            {
  41   2              if (receivedbyte == CR)
  42   2                {counter = 0;foundCR=1;}
  43   2              else
  44   2                {
  45   3                  if ((foundCR == 1) && (receivedbyte == LF))
  46   3                      {
  47   4                        counter = 0;
  48   4                        flag = 1;
  49   4                        foundCR=0;
  50   4                        errorcount=0;
  51   4                        ClearDisplay();
  52   4                        NT_10byte();
  53   4                      }
  54   3                  else
C51 COMPILER V9.59.0.0   SERIAL                                                            08/28/2019 20:33:01 PAGE 2   

  55   3                    { flag = 0; foundCR=0;}
  56   3                }
  57   2            }
  58   1      }


MODULE INFORMATION:   STATIC OVERLAYABLE
   CODE SIZE        =    159    ----
   CONSTANT SIZE    =   ----    ----
   XDATA SIZE       =   ----    ----
   PDATA SIZE       =   ----    ----
   DATA SIZE        =     18    ----
   IDATA SIZE       =   ----    ----
   BIT SIZE         =      3    ----
END OF MODULE INFORMATION.


C51 COMPILATION COMPLETE.  0 WARNING(S),  0 ERROR(S)
