C51 COMPILER V9.59.0.0   TIMER0                                                            08/28/2019 20:33:01 PAGE 1   


C51 COMPILER V9.59.0.0, COMPILATION OF MODULE TIMER0
OBJECT MODULE PLACED IN .\Objects\timer0.obj
COMPILER INVOKED BY: C:\keil_uv5\C51\BIN\C51.EXE timer0.c OPTIMIZE(8,SPEED) BROWSE DEBUG OBJECTEXTEND PRINT(.\Listings\t
                    -imer0.lst) TABS(2) OBJECT(.\Objects\timer0.obj)

line level    source

   1          #include  <reg51.h>
   2          #include  <definition.h>
   3          #include <display.h>
   4          #include <serial.h>
   5          #define T0HHH 0xFF
   6          #define T0LLL 0x76
   7          #define T0H 0xFC
   8          #define T0L 0X65 //for 1m sec delay @ 11.592MHz
   9          
  10          /*====================================
  11          use formula
  12          x = delay * freq/12
  13          
  14          eg 0.003 * 16000000/12 = 2765 = 0x0FA0 =>0xFFFF - 0x0FA0  =0xF05F
  15          eg 0.003 * 16000000/12 = 13333 =0x3415 =>0xFFFF - 0x3415  =0xCBEA
  16          ====================================*/
  17          //bit clock30ms=0, clock3ms=0;
  18          void InitTimer0 (void)
  19          {
  20   1        TH0 = T0H;
  21   1        TL0 = T0L;
  22   1        TMOD = TMOD | 0X01;// timer-0 mode-1 16 BIT
  23   1        IE = IE | 0X82;//enable global-0x80 & T0-0x02 interrupts
  24   1        TR0=1;
  25   1      }
  26          
  27          void timer0 (void) interrupt 1
  28          { 
  29   1        static bit echodelay=0;
  30   1        turnoff();
  31   1        errorcount++;
  32   1        if (errorcount==0xFF)
  33   1            {HelloWorld();}
  34   1        if (echodelay==0)
  35   1          {
  36   2            TH0 = T0HHH;//caclulated in initialize timer0
  37   2            TL0 = T0LLL;//caclulated in initialize timer0     
  38   2            echodelay=1;
  39   2          }
  40   1        else
  41   1          {
  42   2            internaldisplay();
  43   2            TH0 = T0H;//caclulated in initialize timer0
  44   2            TL0 = T0L;//caclulated in initialize timer0     
  45   2            echodelay=0;
  46   2          }
  47   1      }


MODULE INFORMATION:   STATIC OVERLAYABLE
   CODE SIZE        =    108    ----
   CONSTANT SIZE    =   ----    ----
   XDATA SIZE       =   ----    ----
   PDATA SIZE       =   ----    ----
C51 COMPILER V9.59.0.0   TIMER0                                                            08/28/2019 20:33:01 PAGE 2   

   DATA SIZE        =   ----    ----
   IDATA SIZE       =   ----    ----
   BIT SIZE         =      1    ----
END OF MODULE INFORMATION.


C51 COMPILATION COMPLETE.  0 WARNING(S),  0 ERROR(S)
